[www.xywenxin.com/index.html]
[backblue.gif]
[fade.gif]
[index.html]
[www.xywenxin.com/Template/pc/0/resources/css/base.css]
[www.xywenxin.com/Template/pc/0/resources/js/swiper.min.css]
[www.xywenxin.com/Template/pc/0/resources/css/main987a.css]
[www.xywenxin.com/Template/pc/0/resources/js/rem.js]
[www.xywenxin.com/Template/pc/0/resources/js/search.js]
[www.xywenxin.com/Template/pc/0/resources/js/header.js]
[www.xywenxin.com/Public/layui/layui.js]
[www.xywenxin.com/Template/pc/0/resources/images/logo_03.png]
[www.xywenxin.com/cat/1.html]
[www.xywenxin.com/cat/2.html]
[www.xywenxin.com/Template/pc/0/resources/js/jquery-1.10.2.min.js]
[www.xywenxin.com/cat/4.html]
[www.xywenxin.com/cat/16.html]
[www.xywenxin.com/cat/6.html]
[www.xywenxin.com/Template/pc/0/resources/images/ss_06.png]
[www.xywenxin.com/cat/19.html]
[www.xywenxin.com/Template/pc/0/resources/images/search_btn.png]
[www.xywenxin.com/Template/pc/0/resources/images/ss_03.png]
[www.xywenxin.com/Uploads/2019-04-03/1554277418690400001822466383.jpg]
[www.xywenxin.com/Template/pc/0/resources/images/bt_03.png]
[www.xywenxin.com/Template/pc/0/resources/js/swiper.min.js]
[www.xywenxin.com/Uploads/2019-01-25/154838599367879800798792930.jpg]
[www.xywenxin.com/Uploads/2019-01-25/1548385147918586001451930293.jpg]
[www.xywenxin.com/Uploads/2019-01-25/154838389983282400876277329.jpg]
[www.xywenxin.com/info/18/18.html]
[www.xywenxin.com/Uploads/2019-01-16/154760263222686600393089620.jpg]
[www.xywenxin.com/Template/pc/0/resources/images/bt_07.png]
[www.xywenxin.com/Uploads/2019-02-28/155133577722516900950898254.jpg]
[www.xywenxin.com/Uploads/2019-01-25/1548404822673789001949253860.jpg]
[www.xywenxin.com/Uploads/2019-01-18/1547791798739281001554352380.jpg]
[www.xywenxin.com/Uploads/2019-01-18/154779192081662500712625004.jpg]
[www.xywenxin.com/Uploads/2019-01-18/1547792070565667002121676265.jpg]
[www.xywenxin.com/Uploads/2019-01-18/15477921972836060066109898.jpg]
[www.xywenxin.com/Uploads/2019-01-18/1547792471094353001765982450.jpg]
[www.xywenxin.com/Template/pc/0/resources/images/gs_01.png]
[www.xywenxin.com/Template/pc/0/resources/images/gs_03.png]
[www.xywenxin.com/Template/pc/0/resources/images/gs_02.png]
[www.xywenxin.com/Template/pc/0/resources/images/gs_04.png]
[www.xywenxin.com/Template/pc/0/resources/images/gs_05.png]
[www.xywenxin.com/Template/pc/0/resources/images/gx_06.png]
[www.xywenxin.com/Template/pc/0/resources/images/shipin.mp4]
[www.xywenxin.com/cat/8.html]
[www.xywenxin.com/cat/9.html]
[www.xywenxin.com/cat/10.html]
[www.xywenxin.com/cat/11.html]
[www.xywenxin.com/cat/12.html]
[www.xywenxin.com/cat/17.html]
[www.xywenxin.com/cat/18.html]
[www.xywenxin.com/cat/20.html]
[www.xywenxin.com/Template/pc/0/resources/images/ft_12.jpg]
[www.xywenxin.com/cat/21.html]
[www.xywenxin.com/Template/pc/0/resources/images/ft_09.jpg]
[www.xywenxin.com/Template/pc/0/resources/images/ft_07.jpg]
[www.xywenxin.com/Template/pc/0/resources/images/ft_03.jpg]
[www.xywenxin.com/Template/pc/0/resources/images/fh1.png]
[www.xywenxin.com/Template/pc/0/resources/images/fh2.png]
[www.xywenxin.com/Template/pc/0/resources/images/fh3.png]
[www.xywenxin.com/Template/pc/0/resources/images/fh5.png]
[www.xywenxin.com/Template/pc/0/resources/images/fh6.png]
[www.xywenxin.com/Template/pc/0/resources/images/fh4.png]
[www.xywenxin.com/index.html]
[www.xywenxin.com/Template/pc/0/resources/css/base.css]
[www.xywenxin.com/Template/pc/0/resources/js/swiper.min.css]
[www.xywenxin.com/Template/pc/0/resources/images/sy_jt2.png]
[www.xywenxin.com/Template/pc/0/resources/images/sy_jt1.png]
[www.xywenxin.com/Template/pc/0/resources/images/bz_02.jpg]
[www.xywenxin.com/Template/pc/0/resources/images/jt_03.png]
[www.xywenxin.com/Template/pc/0/resources/images/xlbj_03.jpg]
[www.xywenxin.com/Template/pc/0/resources/images/xlbj_05.jpg]
[www.xywenxin.com/Template/pc/0/resources/images/xlbj_07.jpg]
[www.xywenxin.com/Template/pc/0/resources/images/abbj_02.jpg]
[www.xywenxin.com/Template/pc/0/resources/images/jbo_ban_02.jpg]
[www.xywenxin.com/Template/pc/0/resources/images/img2.png]
[www.xywenxin.com/Template/pc/0/resources/images/jt_05.png]
[www.xywenxin.com/Template/pc/0/resources/images/about_ban_02.jpg]
[www.xywenxin.com/Template/pc/0/resources/images/lv_03.png]
[www.xywenxin.com/Template/pc/0/resources/images/ceo_03.png]
[www.xywenxin.com/Template/pc/0/resources/images/mdban_02.jpg]
[www.xywenxin.com/Template/pc/0/resources/images/dw_03.jpg]
[www.xywenxin.com/Template/pc/0/resources/images/next1.png]
[www.xywenxin.com/Template/pc/0/resources/images/prev1.png]
[www.xywenxin.com/Template/pc/0/resources/images/fz_02.jpg]
[www.xywenxin.com/Template/pc/0/resources/images/zsjm_02.jpg]
[www.xywenxin.com/Template/pc/0/resources/images/jmbj_02.jpg]
[www.xywenxin.com/Template/pc/0/resources/images/tb1.png]
[www.xywenxin.com/Template/pc/0/resources/images/tb-1.png]
[www.xywenxin.com/Template/pc/0/resources/images/tb2.png]
[www.xywenxin.com/Template/pc/0/resources/images/tb-2.png]
[www.xywenxin.com/Template/pc/0/resources/images/tb3.png]
[www.xywenxin.com/Template/pc/0/resources/images/tb-3.png]
[www.xywenxin.com/Template/pc/0/resources/images/tb4.png]
[www.xywenxin.com/Template/pc/0/resources/images/tb-4.png]
[www.xywenxin.com/Template/pc/0/resources/images/tb5.png]
[www.xywenxin.com/Template/pc/0/resources/images/tb-5.png]
[www.xywenxin.com/Template/pc/0/resources/images/tb6.png]
[www.xywenxin.com/Template/pc/0/resources/images/tb-6.png]
[www.xywenxin.com/Template/pc/0/resources/images/tb7.png]
[www.xywenxin.com/Template/pc/0/resources/images/tb-7.png]
[www.xywenxin.com/Template/pc/0/resources/images/tb8.png]
[www.xywenxin.com/Template/pc/0/resources/images/tb-8.png]
[www.xywenxin.com/Template/pc/0/resources/images/tb9.png]
[www.xywenxin.com/Template/pc/0/resources/images/tb-9.png]
[www.xywenxin.com/Template/pc/0/resources/images/tb10.png]
[www.xywenxin.com/Template/pc/0/resources/images/tb-10.png]
[www.xywenxin.com/Template/pc/0/resources/images/jia.png]
[www.xywenxin.com/Template/pc/0/resources/css/main987a.css]
[www.xywenxin.com/Uploads/2019-03-29/1553848485972311001587252052.jpg]
[www.xywenxin.com/Uploads/2019-01-29/1548732375760193001393548577.jpg]
[www.xywenxin.com/Uploads/2019-01-16/1547603327333618001001686116.jpg]
[www.xywenxin.com/Uploads/2019-01-16/1547609386862317001047148744.jpg]
[www.xywenxin.com/Uploads/2019-01-16/1547609409949617001135830535.jpg]
[www.xywenxin.com/Uploads/2019-01-16/154760944716523000662232169.jpg]
[www.xywenxin.com/Uploads/2019-01-26/1548473393539379002137923547.jpg]
[www.xywenxin.com/Uploads/2019-01-18/1547792771264307001805614434.jpg]
[www.xywenxin.com/Uploads/2019-01-18/1547792586452990001338388737.jpg]
[www.xywenxin.com/cat/1.html]
[www.xywenxin.com/Template/pc/0/resources/js/jsMap-3.0.0.js]
[www.xywenxin.com/Template/pc/0/resources/js/jquery-3.3.1.min.js]
[www.xywenxin.com/Template/pc/0/resources/js/distpicker.js]
[www.xywenxin.com/Uploads/2019-01-29/1548732700491741001712978593.jpg]
[www.xywenxin.com/Template/pc/0/resources/js/distpicker.data.js]
[www.xywenxin.com/Uploads/2019-01-24/154831768447884100753070193.jpg]
[www.xywenxin.com/Uploads/2019-01-24/154831763725858000787102676.jpg]
[www.xywenxin.com/Uploads/2019-01-24/15483175791629710083495061.jpg]
[www.xywenxin.com/Uploads/2019-01-29/1548733033198703002004128129.jpg]
[www.xywenxin.com/Uploads/2019-01-29/154873306495275600812099929.jpg]
[www.xywenxin.com/Uploads/2019-01-24/154831732051406900103955932.jpg]
[www.xywenxin.com/Uploads/2019-01-24/154831728773177000452848479.jpg]
[www.xywenxin.com/Uploads/2019-01-24/154831725519947900954478552.jpg]
[www.xywenxin.com/Uploads/2019-01-24/154831722163590500903113.jpg]
[www.xywenxin.com/Uploads/2019-01-24/1548317188291088001181823757.jpg]
[www.xywenxin.com/Uploads/2019-01-24/154831712621097700571269256.jpg]
[www.xywenxin.com/Uploads/2019-01-29/1548732978235747001442780621.jpg]
[www.xywenxin.com/Uploads/2019-01-24/1548317036895619001118011201.jpg]
[www.xywenxin.com/Uploads/2019-01-24/15483169822688710066756195.jpg]
[www.xywenxin.com/Uploads/2019-01-24/1548316897344278001408254308.jpg]
[www.xywenxin.com/Uploads/2019-01-24/1548316853014735001560918380.jpg]
[www.xywenxin.com/Uploads/2019-01-24/1548316765121297001220446104.jpg]
[www.xywenxin.com/cat/2.html]
[www.xywenxin.com/Uploads/2019-01-15/1547552479895966001046307302.jpg]
[www.xywenxin.com/Uploads/2019-01-15/1547552554601504001372333028.jpg]
[www.xywenxin.com/Uploads/2019-01-15/154755262145348200829457384.jpg]
[www.xywenxin.com/cat/15.html]
[www.xywenxin.com/Uploads/2019-01-15/1547552656333964001162722538.jpg]
[www.xywenxin.com/cat/4.html]
[www.xywenxin.com/Uploads/2019-05-05/155702426453052500684937949.jpg]
[www.xywenxin.com/info/16/50.html]
[www.xywenxin.com/Uploads/2019-03-29/155384461914310600865334035.jpg]
[www.xywenxin.com/Uploads/2019-03-29/1553842711562242001946161767.jpg]
[www.xywenxin.com/info/16/34.html]
[www.xywenxin.com/info/16/36.html]
[www.xywenxin.com/Uploads/2019-03-29/1553847191567977002087775698.jpg]
[www.xywenxin.com/info/16/35.html]
[www.xywenxin.com/Uploads/2019-03-29/1553845264805224001172629116.jpg]
[www.xywenxin.com/info/16/27.html]
[www.xywenxin.com/info/16/60.html]
[www.xywenxin.com/Uploads/2019-05-29/1559094484869311001264917232.jpg]
[www.xywenxin.com/Template/pc/0/resources/images/newsjt_03.png]
[www.xywenxin.com/info/16/59.html]
[www.xywenxin.com/Uploads/2019-05-29/155909371860681900473129656.jpg]
[www.xywenxin.com/info/16/58.html]
[www.xywenxin.com/Uploads/2019-05-29/155909298943670000755444266.jpg]
[www.xywenxin.com/info/16/57.html]
[www.xywenxin.com/Uploads/2019-05-29/1559091845404019001842629327.jpg]
[www.xywenxin.com/info/16/56.html]
[www.xywenxin.com/Uploads/2019-05-29/1559090009858703001746621175.jpg]
[www.xywenxin.com/info/16/55.html]
[www.xywenxin.com/Uploads/2019-05-29/15590884963425910096937728.jpg]
[www.xywenxin.com/cat/16/2.html]
[www.xywenxin.com/cat/16/3.html]
[www.xywenxin.com/cat/16/4.html]
[www.xywenxin.com/cat/16/5.html]
[www.xywenxin.com/cat/16/6.html]
[www.xywenxin.com/cat/16.html]
[www.xywenxin.com/Public/layui/css/layui_f.css]
[www.xywenxin.com/Template/pc/0/resources/js/jquery.timelinr-0.9.3.js]
[www.xywenxin.com/Template/pc/0/resources/images/zsico_03.png]
[www.xywenxin.com/Template/pc/0/resources/images/zsico_05.jpg]
[www.xywenxin.com/Template/pc/0/resources/images/zsico_07.jpg]
[www.xywenxin.com/Template/pc/0/resources/images/zsico_09.jpg]
[www.xywenxin.com/Template/pc/0/resources/images/zsico_11.jpg]
[www.xywenxin.com/Template/pc/0/resources/images/sz_13.jpg]
[www.xywenxin.com/Template/pc/0/resources/images/sz_03.jpg]
[www.xywenxin.com/Template/pc/0/resources/images/sz_06.jpg]
[www.xywenxin.com/Template/pc/0/resources/images/sz_08.jpg]
[www.xywenxin.com/Template/pc/0/resources/images/sz_10.jpg]
[www.xywenxin.com/Template/pc/0/resources/images/jmtp_03.jpg]
[www.xywenxin.com/Template/pc/0/resources/images/lc_03.jpg]
[www.xywenxin.com/Template/pc/0/resources/images/fa_03.jpg]
[www.xywenxin.com/index4d2a.png]
[www.xywenxin.com/index1a54.png]
[www.xywenxin.com/cat/6.html]
[www.xywenxin.com/cat/19.html]
[www.xywenxin.com/Uploads/2019-01-24/154831338785940800262913751.jpg]
[www.xywenxin.com/Uploads/2019-01-24/1548316022519410002005254931.jpg]
[www.xywenxin.com/Uploads/2019-01-24/154831433423791900252203311.jpg]
[www.xywenxin.com/Uploads/2019-01-24/154831415011527600602526246.jpg]
[www.xywenxin.com/Uploads/2019-01-24/1548314151380885001686540637.jpg]
[www.xywenxin.com/Uploads/2019-01-24/1548314152552745001764796997.jpg]
[www.xywenxin.com/Uploads/2019-01-24/154831491001506100920242940.jpg]
[www.xywenxin.com/Uploads/2019-01-24/1548315064910642001370840827.jpg]
[www.xywenxin.com/Uploads/2019-01-24/154831515799174600325397212.jpg]
[www.xywenxin.com/Uploads/2019-01-24/154831520210253200504369694.jpg]
[www.xywenxin.com/Uploads/2019-01-24/1548315247791494002009234704.jpg]
[www.xywenxin.com/index90bb.html]
[bdimg.share.baidu.com/static/api/js/share6e53.js]
[www.xywenxin.com/info/18/18.html]
[www.xywenxin.com/Template/pc/0/resources/images/shipin.mp4]
[www.xywenxin.com/Uploads/2019-01-26/154847470994327400549201701.jpg]
[www.xywenxin.com/Uploads/2019-01-26/154847458859040100734586633.jpg]
[www.xywenxin.com/Uploads/2019-01-26/154847439117850900939754355.jpg]
[www.xywenxin.com/Uploads/2019-01-26/154847429086110500343318180.jpg]
[www.xywenxin.com/Uploads/2019-01-26/1548474128582140001441468871.jpg]
[www.xywenxin.com/Uploads/2019-01-26/1548474064292620001820291800.jpg]
[www.xywenxin.com/Uploads/2019-01-26/154847398105754500681795359.jpg]
[www.xywenxin.com/Uploads/2019-01-26/1548473688291340001646371529.jpg]
[www.xywenxin.com/Uploads/2019-01-26/1548473601870416001746809573.jpg]
[www.xywenxin.com/Uploads/2019-01-26/1548473446211555001287175353.jpg]
[www.xywenxin.com/Uploads/2019-01-26/154847312417408900880032436.jpg]
[www.xywenxin.com/Uploads/2019-01-26/1548473006792789001666538340.jpg]
[www.xywenxin.com/Uploads/2019-01-26/154847268101351300461130993.jpg]
[www.xywenxin.com/Uploads/2019-01-26/1548472475897272001322341376.jpg]
[www.xywenxin.com/Uploads/2019-01-26/1548472337990253001247207239.jpg]
[www.xywenxin.com/Uploads/2019-01-26/1548472240705541001683859407.jpg]
[www.xywenxin.com/Uploads/2019-01-26/1548472123084205001947010177.jpg]
[www.xywenxin.com/Uploads/2019-01-26/15484718382713980087747635.jpg]
[www.xywenxin.com/Uploads/2019-01-26/1548471519408751001630359432.jpg]
[www.xywenxin.com/Uploads/2019-01-26/154847132490020900744204240.jpg]
[www.xywenxin.com/Uploads/2019-01-26/1548471254358957001728874105.jpg]
[www.xywenxin.com/Uploads/2019-01-26/1548470754390603001394793336.jpg]
[www.xywenxin.com/Uploads/2019-01-26/15484706050982750079790205.jpg]
[www.xywenxin.com/Uploads/2019-01-26/1548470526410553001546171090.jpg]
[www.xywenxin.com/Uploads/2019-01-26/1548470127442627001321115625.jpg]
[www.xywenxin.com/Uploads/2019-01-26/1548470018679484001941541435.jpg]
[www.xywenxin.com/Uploads/2019-01-26/1548469909419914001607601254.jpg]
[www.xywenxin.com/Uploads/2019-01-26/1548469827968857001828954666.jpg]
[www.xywenxin.com/Uploads/2019-01-26/1548469735013188001141274318.jpg]
[www.xywenxin.com/Uploads/2019-01-26/1548469658268906001782567825.jpg]
[www.xywenxin.com/Uploads/2019-01-26/154846955268627000800456324.jpg]
[www.xywenxin.com/Uploads/2019-01-26/154846943972487700192982767.jpg]
[www.xywenxin.com/Uploads/2019-01-26/1548469230206452001949345576.jpg]
[www.xywenxin.com/Uploads/2019-01-26/1548469129346010002143885309.jpg]
[www.xywenxin.com/Uploads/2019-01-26/154846897657643500140291832.jpg]
[www.xywenxin.com/Uploads/2019-01-25/154840686470832200732719240.jpg]
[www.xywenxin.com/Uploads/2019-01-25/154840679030254600530833091.jpg]
[www.xywenxin.com/Uploads/2019-01-25/1548406690889408001599485930.jpg]
[www.xywenxin.com/Uploads/2019-01-25/1548406613853104001724176620.jpg]
[www.xywenxin.com/Uploads/2019-01-25/154840653769420800763440012.jpg]
[www.xywenxin.com/Uploads/2019-01-25/1548406417872927001526434357.jpg]
[www.xywenxin.com/Uploads/2019-01-25/1548406340697068001268093344.jpg]
[www.xywenxin.com/Uploads/2019-01-25/154840614700287700150270037.jpg]
[www.xywenxin.com/Uploads/2019-01-25/1548405968395637001111014178.jpg]
[www.xywenxin.com/Uploads/2019-01-25/1548405854209708001976028850.jpg]
[www.xywenxin.com/cat/8.html]
[www.xywenxin.com/Uploads/2019-01-26/154847500835299700138463673.jpg]
[www.xywenxin.com/Uploads/2019-01-26/1548474397852775001690385086.jpg]
[www.xywenxin.com/Uploads/2019-01-26/154847413556910700923146122.jpg]
[www.xywenxin.com/Uploads/2019-01-26/1548473946763131001364267616.jpg]
[www.xywenxin.com/Uploads/2019-01-26/154847357400177900470550091.jpg]
[www.xywenxin.com/Uploads/2019-01-26/154847301105977900109448511.jpg]
[www.xywenxin.com/Uploads/2019-01-26/154847164660950400974712568.jpg]
[www.xywenxin.com/Uploads/2019-01-26/1548471502887313001492061288.jpg]
[www.xywenxin.com/Uploads/2019-01-26/1548471190944903001888879454.jpg]
[www.xywenxin.com/cat/9.html]
[www.xywenxin.com/Uploads/2019-01-26/1548485332520458001102388807.jpg]
[www.xywenxin.com/Uploads/2019-01-26/15484851987931290079573473.jpg]
[www.xywenxin.com/Uploads/2019-01-26/1548485072020632002082083898.jpg]
[www.xywenxin.com/Uploads/2019-01-26/1548484448021760001670294949.jpg]
[www.xywenxin.com/Uploads/2019-01-26/154848404957085400533977975.jpg]
[www.xywenxin.com/Uploads/2019-01-26/154848342483616500981899580.jpg]
[www.xywenxin.com/Uploads/2019-01-26/154848326672018300967156003.jpg]
[www.xywenxin.com/Uploads/2019-01-26/15484826040529880021346323.jpg]
[www.xywenxin.com/cat/10.html]
[www.xywenxin.com/Uploads/file/2019-01-16/1547638186548328001342291751.mp4]
[www.xywenxin.com/cat/11.html]
[www.xywenxin.com/Template/pc/0/resources/images/fzjt.png]
[www.xywenxin.com/Uploads/2019-01-24/1548310646269501001758462807.jpg]
[www.xywenxin.com/Uploads/2019-01-24/154831055436442700628073825.jpg]
[www.xywenxin.com/Uploads/2019-01-24/154831048974025400390352656.jpg]
[www.xywenxin.com/Uploads/2019-01-24/154831043213161700774628947.jpg]
[www.xywenxin.com/Uploads/2019-01-24/154831038458535000526979447.jpg]
[www.xywenxin.com/Uploads/2019-01-24/1548310341976521001217425624.jpg]
[www.xywenxin.com/Uploads/2019-01-24/1548310279274198002082031339.jpg]
[www.xywenxin.com/Uploads/2019-01-24/154831024105593700399256797.jpg]
[www.xywenxin.com/Uploads/2019-01-24/1548310148666495001870057106.jpg]
[www.xywenxin.com/Uploads/2019-01-24/1548309928372440001530075079.jpg]
[www.xywenxin.com/Uploads/2019-01-24/1548309875326244001387098616.jpg]
[www.xywenxin.com/Uploads/2019-01-24/1548309633391841001261342862.jpg]
[www.xywenxin.com/Uploads/2019-01-24/1548309566736444001434885668.jpg]
[www.xywenxin.com/Uploads/2019-01-24/15483095212839010023961335.jpg]
[www.xywenxin.com/Uploads/2019-01-24/1548309472675148001404797265.jpg]
[www.xywenxin.com/Uploads/2019-01-24/1548309428691336001565589293.jpg]
[www.xywenxin.com/Uploads/2019-01-24/154830912433585700234832611.jpg]
[www.xywenxin.com/Uploads/2019-01-24/154830906789907900131838426.jpg]
[www.xywenxin.com/Uploads/2019-01-24/154830897074407300490988051.jpg]
[www.xywenxin.com/Uploads/2019-01-24/1548308933135179001915034230.jpg]
[www.xywenxin.com/Uploads/2019-01-24/1548308882354438001831403321.jpg]
[www.xywenxin.com/Uploads/2019-01-24/1548308799979965001772554684.jpg]
[www.xywenxin.com/Uploads/2019-01-24/1548308737042868001007874022.jpg]
[www.xywenxin.com/Uploads/2019-01-24/1548308664012085001325587515.jpg]
[www.xywenxin.com/cat/12.html]
[www.xywenxin.com/info/17/52.html]
[www.xywenxin.com/Uploads/2019-05-05/155704049796236800394999861.jpg]
[www.xywenxin.com/info/17/45.html]
[www.xywenxin.com/Uploads/2019-05-05/155701802197210000586836076.jpg]
[www.xywenxin.com/info/17/40.html]
[www.xywenxin.com/Uploads/2019-04-10/1554855647524593002006716989.jpg]
[www.xywenxin.com/info/17/37.html]
[www.xywenxin.com/Uploads/2019-03-29/155384322164790200963392875.jpg]
[www.xywenxin.com/Uploads/2019-01-29/154875327337471600833157006.jpg]
[www.xywenxin.com/info/17/26.html]
[www.xywenxin.com/info/17/24.html]
[www.xywenxin.com/Uploads/2019-01-29/154874658842470500708517711.jpg]
[www.xywenxin.com/cat/17.html]
[www.xywenxin.com/cat/17/2.html]
[www.xywenxin.com/Uploads/2019-01-17/1547688968843365001882592531.jpg]
[www.xywenxin.com/cat/18.html]
[www.xywenxin.com/cat/20.html]
[www.xywenxin.com/cat/21.html]
[www.xywenxin.com/Template/pc/0/resources/images/biggerdot.html]
[www.xywenxin.com/Template/pc/0/resources/img/jia.html]
[www.xywenxin.com/Template/pc/0/resources/img/jian.html]
[www.xywenxin.com/cat/15.html]
[www.xywenxin.com/info/16/50.html]
[www.xywenxin.com/info/16/34.html]
[www.xywenxin.com/info/16/36.html]
[www.xywenxin.com/info/16/35.html]
[www.xywenxin.com/info/16/27.html]
[www.xywenxin.com/info/16/60.html]
[www.xywenxin.com/info/16/59.html]
[www.xywenxin.com/info/16/58.html]
[www.xywenxin.com/info/16/57.html]
[www.xywenxin.com/info/16/56.html]
[www.xywenxin.com/info/16/55.html]
[www.xywenxin.com/cat/16/2.html]
[www.xywenxin.com/cat/16/3.html]
[www.xywenxin.com/cat/16/4.html]
[www.xywenxin.com/cat/16/5.html]
[www.xywenxin.com/cat/16/6.html]
[www.xywenxin.com/Public/layui/css/layui_f.css]
[www.xywenxin.com/Template/pc/0/resources/js/jquery.nicescroll.html]
[www.xywenxin.com/index90bb.html]
[www.xywenxin.com/Template/pc/0/resources/images/shipin.mp4]
[www.xywenxin.com/info/17/52.html]
[www.xywenxin.com/info/17/45.html]
[www.xywenxin.com/info/17/40.html]
[www.xywenxin.com/info/17/37.html]
[www.xywenxin.com/info/17/26.html]
[www.xywenxin.com/info/17/24.html]
[www.xywenxin.com/cat/17/2.html]
